<?xml version="1.0" encoding="UTF-8"?>
<!-- Generated by org.testng.reporters.JUnitXMLReporter -->
<testsuite hostname="DESKTOP-BTIPOCU" name="Test" tests="13" failures="1" timestamp="8 Dec 2018 20:05:19 GMT" time="95.898" errors="0">
  <testcase name="TCCalculator_Smoke001_VerifyOnePlusTwo" time="1.159" classname="com.calculator.test.TCCalculator"/>
  <testcase name="TCCalculator_Smoke002_VerifyNineMinusThree" time="1.007" classname="com.calculator.test.TCCalculator"/>
  <testcase name="TCCalculator_Smoke003_VerifyFourMultiFive" time="0.991" classname="com.calculator.test.TCCalculator"/>
  <testcase name="TCCalculator_Smoke004_VerifyEightDivFour" time="1.096" classname="com.calculator.test.TCCalculator"/>
  <testcase name="TCCalculator_Smoke005_VerifySevenMultOnePlusSixDivTwoMinusZero" time="1.479" classname="com.calculator.test.TCCalculator"/>
  <testcase name="TCCalculator_Regression001_VerifyMixOperation1" time="1.587" classname="com.calculator.test.TCCalculator"/>
  <testcase name="TCCalculator_Regression002_VerifyMixOperation2" time="1.918" classname="com.calculator.test.TCCalculator"/>
  <testcase name="TCCalculator_Regression003_VerifyMixOperation3" time="1.047" classname="com.calculator.test.TCCalculator">
    <failure type="org.junit.ComparisonFailure" message="expected:&amp;lt;3[.193548387096774]&amp;gt; but was:&amp;lt;3[]&amp;gt;">
      <![CDATA[org.junit.ComparisonFailure: expected:<3[.193548387096774]> but was:<3[]>
	at org.junit.Assert.assertEquals(Assert.java:115)
	at org.junit.Assert.assertEquals(Assert.java:144)
	at com.calculator.page.WebPage.verifyElementText(WebPage.java:48)
	at com.calculator.page.CalculatorPage.verifyResult(CalculatorPage.java:89)
	at com.calculator.test.TCCalculator.TCCalculator_Regression003_VerifyMixOperation3(TCCalculator.java:169)
... Removed 24 stack frames]]>
    </failure>
  </testcase> <!-- TCCalculator_Regression003_VerifyMixOperation3 -->
  <testcase name="TCCalculator_Regression004_VerifyMixOperation4" time="0.915" classname="com.calculator.test.TCCalculator"/>
  <testcase name="TCCalculator_Regression005_VerifyMixOperation5" time="0.985" classname="com.calculator.test.TCCalculator"/>
  <testcase name="TCCalculator_Regression006_VerifyMixOperation6" time="0.945" classname="com.calculator.test.TCCalculator"/>
  <testcase name="TCCalculator_Regression007_VerifyMixOperation7" time="0.763" classname="com.calculator.test.TCCalculator"/>
  <testcase name="TCCalculator_Regression008_VerifyMixOperation8" time="0.709" classname="com.calculator.test.TCCalculator"/>
</testsuite> <!-- Test -->
